<?xml version="1.0" encoding="UTF-8"?>
<!-- Generated by org.testng.reporters.JUnitReportReporter -->
<testsuite hostname="LTIN283107" failures="0" tests="6" name="test_Book.BaseClass" time="135.718" errors="0" timestamp="2024-03-06T13:25:32 IST" skipped="0">
  <testcase classname="test_Book.BaseClass" name="VerifyWebsite" time="20.475"/>
  <testcase classname="test_Book.BaseClass" name="displayBookShelves" time="48.438"/>
  <testcase classname="test_Book.BaseClass" name="ByAtHome" time="22.251"/>
  <testcase classname="test_Book.BaseClass" name="giftCard" time="20.931"/>
  <testcase classname="test_Book.BaseClass" name="giftCardformNegative" time="12.489"/>
  <testcase classname="test_Book.BaseClass" name="giftCardformPositive" time="11.134"/>
</testsuite> <!-- test_Book.BaseClass -->
